Started GET "/every_pays" for ::1 at 2021-11-26 15:17:54 +0530
  [1m[35m (4.1ms)[0m  [1m[34mSELECT sqlite_version(*)[0m
  [1m[35m (5.3ms)[0m  [1m[35mCREATE TABLE "schema_migrations" ("version" varchar NOT NULL PRIMARY KEY)[0m
  [1m[35m (2.1ms)[0m  [1m[35mCREATE TABLE "ar_internal_metadata" ("key" varchar NOT NULL PRIMARY KEY, "value" varchar, "created_at" datetime(6) NOT NULL, "updated_at" datetime(6) NOT NULL)[0m
  [1m[35m (0.1ms)[0m  [1m[34mSELECT "schema_migrations"."version" FROM "schema_migrations" ORDER BY "schema_migrations"."version" ASC[0m
  
ActiveRecord::PendingMigrationError (

Migrations are pending. To resolve this issue, run:

        bin/rails db:migrate RAILS_ENV=development

You have 1 pending migration:

20211126094605_create_every_pays.rb


):
  
activerecord (6.1.4.1) lib/active_record/migration.rb:625:in `check_pending!'
activerecord (6.1.4.1) lib/active_record/migration.rb:590:in `block (2 levels) in call'
activesupport (6.1.4.1) lib/active_support/evented_file_update_checker.rb:59:in `execute'
activerecord (6.1.4.1) lib/active_record/migration.rb:595:in `block in call'
activerecord (6.1.4.1) lib/active_record/migration.rb:587:in `synchronize'
activerecord (6.1.4.1) lib/active_record/migration.rb:587:in `call'
actionpack (6.1.4.1) lib/action_dispatch/middleware/callbacks.rb:27:in `block in call'
activesupport (6.1.4.1) lib/active_support/callbacks.rb:98:in `run_callbacks'
actionpack (6.1.4.1) lib/action_dispatch/middleware/callbacks.rb:26:in `call'
actionpack (6.1.4.1) lib/action_dispatch/middleware/executor.rb:14:in `call'
actionpack (6.1.4.1) lib/action_dispatch/middleware/actionable_exceptions.rb:18:in `call'
actionpack (6.1.4.1) lib/action_dispatch/middleware/debug_exceptions.rb:29:in `call'
web-console (4.2.0) lib/web_console/middleware.rb:132:in `call_app'
web-console (4.2.0) lib/web_console/middleware.rb:28:in `block in call'
web-console (4.2.0) lib/web_console/middleware.rb:17:in `catch'
web-console (4.2.0) lib/web_console/middleware.rb:17:in `call'
actionpack (6.1.4.1) lib/action_dispatch/middleware/show_exceptions.rb:33:in `call'
railties (6.1.4.1) lib/rails/rack/logger.rb:37:in `call_app'
railties (6.1.4.1) lib/rails/rack/logger.rb:26:in `block in call'
activesupport (6.1.4.1) lib/active_support/tagged_logging.rb:99:in `block in tagged'
activesupport (6.1.4.1) lib/active_support/tagged_logging.rb:37:in `tagged'
activesupport (6.1.4.1) lib/active_support/tagged_logging.rb:99:in `tagged'
railties (6.1.4.1) lib/rails/rack/logger.rb:26:in `call'
sprockets-rails (3.4.1) lib/sprockets/rails/quiet_assets.rb:13:in `call'
actionpack (6.1.4.1) lib/action_dispatch/middleware/remote_ip.rb:81:in `call'
actionpack (6.1.4.1) lib/action_dispatch/middleware/request_id.rb:26:in `call'
rack (2.2.3) lib/rack/method_override.rb:24:in `call'
rack (2.2.3) lib/rack/runtime.rb:22:in `call'
activesupport (6.1.4.1) lib/active_support/cache/strategy/local_cache_middleware.rb:29:in `call'
actionpack (6.1.4.1) lib/action_dispatch/middleware/executor.rb:14:in `call'
actionpack (6.1.4.1) lib/action_dispatch/middleware/static.rb:24:in `call'
rack (2.2.3) lib/rack/sendfile.rb:110:in `call'
actionpack (6.1.4.1) lib/action_dispatch/middleware/host_authorization.rb:98:in `call'
rack-mini-profiler (2.3.3) lib/mini_profiler/profiler.rb:393:in `call'
webpacker (5.4.3) lib/webpacker/dev_server_proxy.rb:25:in `perform_request'
rack-proxy (0.7.0) lib/rack/proxy.rb:63:in `call'
railties (6.1.4.1) lib/rails/engine.rb:539:in `call'
puma (5.5.2) lib/puma/configuration.rb:249:in `call'
puma (5.5.2) lib/puma/request.rb:77:in `block in handle_request'
puma (5.5.2) lib/puma/thread_pool.rb:340:in `with_force_shutdown'
puma (5.5.2) lib/puma/request.rb:76:in `handle_request'
puma (5.5.2) lib/puma/server.rb:447:in `process_client'
puma (5.5.2) lib/puma/thread_pool.rb:147:in `block in spawn_thread'
Started POST "/rails/actions" for ::1 at 2021-11-26 15:17:56 +0530
  [1m[35m (0.1ms)[0m  [1m[34mSELECT "schema_migrations"."version" FROM "schema_migrations" ORDER BY "schema_migrations"."version" ASC[0m
Migrating to CreateEveryPays (20211126094605)
  [1m[36mTRANSACTION (0.1ms)[0m  [1m[36mbegin transaction[0m
  [1m[35m (0.8ms)[0m  [1m[35mCREATE TABLE "every_pays" ("id" integer PRIMARY KEY AUTOINCREMENT NOT NULL, "status" varchar, "amount" varchar, "response" varchar, "created_at" datetime(6) NOT NULL, "updated_at" datetime(6) NOT NULL)[0m
  [1m[36mActiveRecord::SchemaMigration Create (0.4ms)[0m  [1m[32mINSERT INTO "schema_migrations" ("version") VALUES (?)[0m  [["version", "20211126094605"]]
  [1m[36mTRANSACTION (6.0ms)[0m  [1m[36mcommit transaction[0m
  [1m[36mActiveRecord::InternalMetadata Load (0.6ms)[0m  [1m[34mSELECT "ar_internal_metadata".* FROM "ar_internal_metadata" WHERE "ar_internal_metadata"."key" = ? LIMIT ?[0m  [["key", "environment"], ["LIMIT", 1]]
  [1m[36mTRANSACTION (0.1ms)[0m  [1m[36mbegin transaction[0m
  [1m[36mActiveRecord::InternalMetadata Create (0.4ms)[0m  [1m[32mINSERT INTO "ar_internal_metadata" ("key", "value", "created_at", "updated_at") VALUES (?, ?, ?, ?)[0m  [["key", "environment"], ["value", "development"], ["created_at", "2021-11-26 09:47:56.755741"], ["updated_at", "2021-11-26 09:47:56.755741"]]
  [1m[36mTRANSACTION (2.1ms)[0m  [1m[36mcommit transaction[0m
  [1m[35m (0.3ms)[0m  [1m[34mSELECT "schema_migrations"."version" FROM "schema_migrations" ORDER BY "schema_migrations"."version" ASC[0m
Started GET "/every_pays" for ::1 at 2021-11-26 15:17:56 +0530
  [1m[35m (0.2ms)[0m  [1m[34mSELECT "schema_migrations"."version" FROM "schema_migrations" ORDER BY "schema_migrations"."version" ASC[0m
Processing by EveryPaysController#index as HTML
  Rendering layout layouts/application.html.erb
  Rendering every_pays/index.html.erb within layouts/application
  [1m[36mEveryPay Load (0.1ms)[0m  [1m[34mSELECT "every_pays".* FROM "every_pays"[0m
  ↳ app/views/every_pays/index.html.erb:16
  Rendered every_pays/index.html.erb within layouts/application (Duration: 4.9ms | Allocations: 1300)
[Webpacker] Compiling...
[Webpacker] Compiled all packs in /var/www/html/paymentGateway/every_pay-integrations/public/packs
[Webpacker] Hash: e2a8a876c5815bee1e21
Version: webpack 4.46.0
Time: 1237ms
Built at: 26/11/2021 15:17:59
                                     Asset       Size       Chunks                         Chunk Names
    js/application-e421b4aa3f716bebdab1.js    125 KiB  application  [emitted] [immutable]  application
js/application-e421b4aa3f716bebdab1.js.map    139 KiB  application  [emitted] [dev]        application
                             manifest.json  364 bytes               [emitted]              
Entrypoint application = js/application-e421b4aa3f716bebdab1.js js/application-e421b4aa3f716bebdab1.js.map
[./app/javascript/channels sync recursive _channel\.js$] ./app/javascript/channels sync _channel\.js$ 160 bytes {application} [built]
[./app/javascript/channels/index.js] 211 bytes {application} [built]
[./app/javascript/packs/application.js] 492 bytes {application} [built]
[./node_modules/webpack/buildin/module.js] (webpack)/buildin/module.js 552 bytes {application} [built]
    + 3 hidden modules

  Rendered layout layouts/application.html.erb (Duration: 2493.3ms | Allocations: 19677)
Completed 200 OK in 2505ms (Views: 2494.9ms | ActiveRecord: 0.1ms | Allocations: 23390)


Started GET "/every_pays" for ::1 at 2021-11-26 15:20:28 +0530
Processing by EveryPaysController#index as HTML
  Rendering layout layouts/application.html.erb
  Rendering every_pays/index.html.erb within layouts/application
  [1m[35m (0.0ms)[0m  [1m[34mSELECT sqlite_version(*)[0m
  ↳ app/views/every_pays/index.html.erb:16
  [1m[36mEveryPay Load (0.1ms)[0m  [1m[34mSELECT "every_pays".* FROM "every_pays"[0m
  ↳ app/views/every_pays/index.html.erb:16
  Rendered every_pays/index.html.erb within layouts/application (Duration: 2.9ms | Allocations: 2024)
[Webpacker] Everything's up-to-date. Nothing to do
  Rendered layout layouts/application.html.erb (Duration: 7.0ms | Allocations: 5278)
Completed 200 OK in 11ms (Views: 8.7ms | ActiveRecord: 0.3ms | Allocations: 7392)


Started GET "/every_pays" for ::1 at 2021-11-26 15:20:50 +0530
Processing by EveryPaysController#index as HTML
  Rendering layout layouts/application.html.erb
  Rendering every_pays/index.html.erb within layouts/application
  [1m[36mEveryPay Load (0.2ms)[0m  [1m[34mSELECT "every_pays".* FROM "every_pays"[0m
  ↳ app/views/every_pays/index.html.erb:16
  Rendered every_pays/index.html.erb within layouts/application (Duration: 8.2ms | Allocations: 1202)
[Webpacker] Everything's up-to-date. Nothing to do
  Rendered layout layouts/application.html.erb (Duration: 18.5ms | Allocations: 4499)
Completed 200 OK in 26ms (Views: 22.7ms | ActiveRecord: 0.2ms | Allocations: 5893)


Started GET "/every_pays" for ::1 at 2021-11-26 15:33:32 +0530
Processing by EveryPaysController#index as HTML
  Rendering layout layouts/application.html.erb
  Rendering every_pays/index.html.erb within layouts/application
  [1m[35m (0.0ms)[0m  [1m[34mSELECT sqlite_version(*)[0m
  ↳ app/views/every_pays/index.html.erb:16
  [1m[36mEveryPay Load (0.1ms)[0m  [1m[34mSELECT "every_pays".* FROM "every_pays"[0m
  ↳ app/views/every_pays/index.html.erb:16
  Rendered every_pays/index.html.erb within layouts/application (Duration: 2.9ms | Allocations: 2015)
[Webpacker] Everything's up-to-date. Nothing to do
  Rendered layout layouts/application.html.erb (Duration: 7.9ms | Allocations: 5294)
Completed 200 OK in 11ms (Views: 9.2ms | ActiveRecord: 0.3ms | Allocations: 7380)


Started GET "/every_pays" for ::1 at 2021-11-26 15:46:01 +0530
  
LoadError (cannot load such file -- active_merchant_every_pay):
  
app/controllers/every_pays_controller.rb:3:in `<class:EveryPaysController>'
app/controllers/every_pays_controller.rb:1:in `<main>'
Started GET "/every_pays" for ::1 at 2021-11-26 15:46:20 +0530
  [1m[35m (0.3ms)[0m  [1m[34mSELECT sqlite_version(*)[0m
  [1m[35m (0.3ms)[0m  [1m[34mSELECT "schema_migrations"."version" FROM "schema_migrations" ORDER BY "schema_migrations"."version" ASC[0m
  
LoadError (cannot load such file -- active_merchant_every_pay):
  
app/controllers/every_pays_controller.rb:3:in `<class:EveryPaysController>'
app/controllers/every_pays_controller.rb:1:in `<main>'
Started GET "/every_pays" for ::1 at 2021-11-26 15:49:08 +0530
  [1m[35m (0.5ms)[0m  [1m[34mSELECT sqlite_version(*)[0m
  [1m[35m (0.1ms)[0m  [1m[34mSELECT "schema_migrations"."version" FROM "schema_migrations" ORDER BY "schema_migrations"."version" ASC[0m
Processing by EveryPaysController#index as HTML
  Rendering layout layouts/application.html.erb
  Rendering every_pays/index.html.erb within layouts/application
  [1m[36mEveryPay Load (0.4ms)[0m  [1m[34mSELECT "every_pays".* FROM "every_pays"[0m
  ↳ app/views/every_pays/index.html.erb:16
  Rendered every_pays/index.html.erb within layouts/application (Duration: 8.6ms | Allocations: 1629)
[Webpacker] Everything's up-to-date. Nothing to do
  Rendered layout layouts/application.html.erb (Duration: 26.7ms | Allocations: 7625)
Completed 200 OK in 2982ms (Views: 33.6ms | ActiveRecord: 0.4ms | Allocations: 15866)


Started GET "/every_pays" for ::1 at 2021-11-26 18:01:22 +0530
Processing by EveryPaysController#index as HTML
  Rendering layout layouts/application.html.erb
  Rendering every_pays/index.html.erb within layouts/application
  [1m[35m (0.1ms)[0m  [1m[34mSELECT sqlite_version(*)[0m
  ↳ app/views/every_pays/index.html.erb:16
  [1m[36mEveryPay Load (0.3ms)[0m  [1m[34mSELECT "every_pays".* FROM "every_pays"[0m
  ↳ app/views/every_pays/index.html.erb:16
  Rendered every_pays/index.html.erb within layouts/application (Duration: 7.0ms | Allocations: 1708)
[Webpacker] Everything's up-to-date. Nothing to do
  Rendered layout layouts/application.html.erb (Duration: 11.7ms | Allocations: 4821)
Completed 200 OK in 15ms (Views: 13.3ms | ActiveRecord: 0.7ms | Allocations: 6225)


Started GET "/every_pays" for ::1 at 2021-11-26 18:10:32 +0530
Processing by EveryPaysController#index as HTML
  Rendering layout layouts/application.html.erb
  Rendering every_pays/index.html.erb within layouts/application
  Rendered every_pays/index.html.erb within layouts/application (Duration: 1.3ms | Allocations: 333)
[Webpacker] Everything's up-to-date. Nothing to do
  Rendered layout layouts/application.html.erb (Duration: 8.9ms | Allocations: 3627)
Completed 200 OK in 16ms (Views: 13.8ms | Allocations: 5068)


Started GET "/every_pays" for ::1 at 2021-11-26 18:10:41 +0530
Processing by EveryPaysController#index as HTML
  Rendering layout layouts/application.html.erb
  Rendering every_pays/index.html.erb within layouts/application
  Rendered every_pays/index.html.erb within layouts/application (Duration: 0.4ms | Allocations: 84)
[Webpacker] Everything's up-to-date. Nothing to do
  Rendered layout layouts/application.html.erb (Duration: 12.5ms | Allocations: 2985)
Completed 200 OK in 18ms (Views: 17.3ms | Allocations: 3506)


Started GET "/every_pays" for ::1 at 2021-11-26 18:49:09 +0530
Processing by EveryPaysController#index as HTML
  Rendering layout layouts/application.html.erb
  Rendering every_pays/index.html.erb within layouts/application
  Rendered every_pays/index.html.erb within layouts/application (Duration: 0.5ms | Allocations: 297)
[Webpacker] Everything's up-to-date. Nothing to do
  Rendered layout layouts/application.html.erb (Duration: 3.7ms | Allocations: 3580)
Completed 200 OK in 7ms (Views: 5.0ms | Allocations: 5665)


Started GET "/every_pays" for ::1 at 2021-11-26 18:55:24 +0530
Processing by EveryPaysController#index as HTML
  Rendering layout layouts/application.html.erb
  Rendering every_pays/index.html.erb within layouts/application
  Rendered every_pays/index.html.erb within layouts/application (Duration: 0.3ms | Allocations: 156)
[Webpacker] Everything's up-to-date. Nothing to do
  Rendered layout layouts/application.html.erb (Duration: 13.9ms | Allocations: 3268)
Completed 200 OK in 2846ms (Views: 14.9ms | Allocations: 8059)


Started GET "/every_pays" for ::1 at 2021-11-26 19:00:14 +0530
Processing by EveryPaysController#index as HTML
  Rendering layout layouts/application.html.erb
  Rendering every_pays/index.html.erb within layouts/application
  Rendered every_pays/index.html.erb within layouts/application (Duration: 0.9ms | Allocations: 84)
[Webpacker] Everything's up-to-date. Nothing to do
  Rendered layout layouts/application.html.erb (Duration: 17.4ms | Allocations: 2984)
Completed 200 OK in 2758ms (Views: 18.9ms | Allocations: 6841)


Started GET "/every_pays" for ::1 at 2021-11-26 19:05:20 +0530
Processing by EveryPaysController#index as HTML
  Rendering layout layouts/application.html.erb
  Rendering every_pays/index.html.erb within layouts/application
  Rendered every_pays/index.html.erb within layouts/application (Duration: 1.0ms | Allocations: 84)
[Webpacker] Everything's up-to-date. Nothing to do
  Rendered layout layouts/application.html.erb (Duration: 17.6ms | Allocations: 2984)
Completed 200 OK in 2726ms (Views: 19.6ms | Allocations: 6657)


Started GET "/every_pays" for ::1 at 2021-11-26 19:16:12 +0530
Processing by EveryPaysController#index as HTML
Completed 500 Internal Server Error in 1285ms (Allocations: 2488)


  
TypeError (no implicit conversion of nil into String):
  
app/controllers/every_pays_controller.rb:33:in `index'
Started GET "/every_pays" for ::1 at 2021-11-26 19:16:34 +0530
Processing by EveryPaysController#index as HTML
Completed 500 Internal Server Error in 1212ms (Allocations: 2469)


  
TypeError (no implicit conversion of nil into String):
  
app/controllers/every_pays_controller.rb:32:in `index'
Started GET "/every_pays" for ::1 at 2021-11-26 19:16:58 +0530
Processing by EveryPaysController#index as HTML
Completed 500 Internal Server Error in 1309ms (Allocations: 2386)


  
TypeError (no implicit conversion of nil into String):
  
app/controllers/every_pays_controller.rb:32:in `index'
Started GET "/every_pays" for ::1 at 2021-11-26 19:17:16 +0530
Processing by EveryPaysController#index as HTML
Completed 500 Internal Server Error in 1277ms (Allocations: 2394)


  
TypeError (no implicit conversion of nil into String):
  
app/controllers/every_pays_controller.rb:28:in `index'
Started GET "/every_pays" for ::1 at 2021-11-26 19:17:27 +0530
Processing by EveryPaysController#index as HTML
Completed 500 Internal Server Error in 1229ms (Allocations: 2398)


  
TypeError (no implicit conversion of nil into String):
  
app/controllers/every_pays_controller.rb:27:in `index'
Started GET "/every_pays" for ::1 at 2021-11-26 19:17:39 +0530
Processing by EveryPaysController#index as HTML
Completed 500 Internal Server Error in 1243ms (Allocations: 2379)


  
TypeError (no implicit conversion of nil into String):
  
app/controllers/every_pays_controller.rb:26:in `index'
Started GET "/every_pays" for ::1 at 2021-11-26 19:17:56 +0530
Processing by EveryPaysController#index as HTML
Completed 500 Internal Server Error in 1197ms (Allocations: 2397)


  
TypeError (no implicit conversion of nil into String):
  
app/controllers/every_pays_controller.rb:25:in `index'
Started GET "/every_pays" for ::1 at 2021-11-26 19:18:12 +0530
Processing by EveryPaysController#index as HTML
Completed 500 Internal Server Error in 1176ms (Allocations: 2371)


  
TypeError (no implicit conversion of nil into String):
  
app/controllers/every_pays_controller.rb:25:in `index'
Started GET "/every_pays" for ::1 at 2021-11-26 19:18:54 +0530
Processing by EveryPaysController#index as HTML
Completed 500 Internal Server Error in 1230ms (Allocations: 2373)


  
TypeError (no implicit conversion of nil into String):
  
app/controllers/every_pays_controller.rb:25:in `index'
Started GET "/every_pays" for ::1 at 2021-11-26 19:19:06 +0530
Processing by EveryPaysController#index as HTML
Completed 500 Internal Server Error in 1204ms (Allocations: 2397)


  
TypeError (no implicit conversion of nil into String):
  
app/controllers/every_pays_controller.rb:25:in `index'
Started GET "/every_pays" for ::1 at 2021-11-26 19:19:23 +0530
Processing by EveryPaysController#index as HTML
Completed 500 Internal Server Error in 1246ms (Allocations: 2476)


  
TypeError (no implicit conversion of nil into String):
  
app/controllers/every_pays_controller.rb:24:in `index'
Started GET "/every_pays" for ::1 at 2021-11-26 19:19:37 +0530
Processing by EveryPaysController#index as HTML
Completed 500 Internal Server Error in 1209ms (Allocations: 1796)


  
TypeError (no implicit conversion of nil into String):
  
app/controllers/every_pays_controller.rb:24:in `index'
Started GET "/every_pays" for ::1 at 2021-11-26 19:19:50 +0530
Processing by EveryPaysController#index as HTML
Completed 500 Internal Server Error in 1273ms (Allocations: 2397)


  
TypeError (no implicit conversion of nil into String):
  
app/controllers/every_pays_controller.rb:24:in `index'
Started GET "/every_pays" for ::1 at 2021-11-26 19:20:00 +0530
Processing by EveryPaysController#index as HTML
  Rendering layout layouts/application.html.erb
  Rendering every_pays/index.html.erb within layouts/application
  Rendered every_pays/index.html.erb within layouts/application (Duration: 0.5ms | Allocations: 156)
[Webpacker] Everything's up-to-date. Nothing to do
  Rendered layout layouts/application.html.erb (Duration: 7.5ms | Allocations: 3289)
Completed 200 OK in 12ms (Views: 9.1ms | Allocations: 4683)


Started GET "/every_pays" for ::1 at 2021-11-26 19:20:05 +0530
Processing by EveryPaysController#index as HTML
Completed 500 Internal Server Error in 1337ms (Allocations: 2396)


  
TypeError (no implicit conversion of nil into String):
  
app/controllers/every_pays_controller.rb:24:in `index'
Started PUT "/__web_console/repl_sessions/09edb396d067596a6e23564f98aedf40" for ::1 at 2021-11-26 19:20:17 +0530
Started PUT "/__web_console/repl_sessions/09edb396d067596a6e23564f98aedf40" for ::1 at 2021-11-26 19:20:24 +0530
Started GET "/every_pays" for ::1 at 2021-11-26 19:21:10 +0530
Processing by EveryPaysController#index as HTML
Completed 500 Internal Server Error in 1251ms (Allocations: 1850)


  
TypeError (no implicit conversion of nil into String):
  
app/controllers/every_pays_controller.rb:30:in `index'
Started PUT "/__web_console/repl_sessions/ef621900089d9052eca7742326357379" for ::1 at 2021-11-26 19:21:17 +0530
Started PUT "/__web_console/repl_sessions/ef621900089d9052eca7742326357379" for ::1 at 2021-11-26 19:21:20 +0530
Started PUT "/__web_console/repl_sessions/ef621900089d9052eca7742326357379" for ::1 at 2021-11-26 19:21:27 +0530
Started GET "/every_pays" for ::1 at 2021-11-26 19:21:51 +0530
Processing by EveryPaysController#index as HTML
  Rendering layout layouts/application.html.erb
  Rendering every_pays/index.html.erb within layouts/application
  Rendered every_pays/index.html.erb within layouts/application (Duration: 0.7ms | Allocations: 156)
[Webpacker] Everything's up-to-date. Nothing to do
  Rendered layout layouts/application.html.erb (Duration: 13.7ms | Allocations: 3268)
Completed 200 OK in 2970ms (Views: 16.3ms | Allocations: 7547)


Started GET "/every_pays" for ::1 at 2021-11-26 19:32:06 +0530
Processing by EveryPaysController#index as HTML
  Rendering layout layouts/application.html.erb
  Rendering every_pays/index.html.erb within layouts/application
  Rendered every_pays/index.html.erb within layouts/application (Duration: 0.4ms | Allocations: 305)
[Webpacker] Everything's up-to-date. Nothing to do
  Rendered layout layouts/application.html.erb (Duration: 10.2ms | Allocations: 3589)
Completed 200 OK in 13ms (Views: 11.6ms | Allocations: 5117)


Started GET "/every_pays" for ::1 at 2021-11-26 19:32:20 +0530
Processing by EveryPaysController#index as HTML
  Rendering layout layouts/application.html.erb
  Rendering every_pays/index.html.erb within layouts/application
  Rendered every_pays/index.html.erb within layouts/application (Duration: 1.1ms | Allocations: 300)
[Webpacker] Everything's up-to-date. Nothing to do
  Rendered layout layouts/application.html.erb (Duration: 8.9ms | Allocations: 3617)
Completed 200 OK in 13ms (Views: 11.6ms | Allocations: 4991)


Started GET "/every_pays" for ::1 at 2021-11-26 19:32:35 +0530
Processing by EveryPaysController#index as HTML
  Rendering layout layouts/application.html.erb
  Rendering every_pays/index.html.erb within layouts/application
  Rendered every_pays/index.html.erb within layouts/application (Duration: 1.0ms | Allocations: 285)
[Webpacker] Everything's up-to-date. Nothing to do
  Rendered layout layouts/application.html.erb (Duration: 8.0ms | Allocations: 3590)
Completed 200 OK in 14ms (Views: 10.6ms | Allocations: 4959)


Started GET "/every_pays" for ::1 at 2021-11-26 19:33:11 +0530
Processing by EveryPaysController#index as HTML
  Rendering layout layouts/application.html.erb
  Rendering every_pays/index.html.erb within layouts/application
  Rendered every_pays/index.html.erb within layouts/application (Duration: 0.9ms | Allocations: 269)
[Webpacker] Everything's up-to-date. Nothing to do
  Rendered layout layouts/application.html.erb (Duration: 13.8ms | Allocations: 3586)
Completed 200 OK in 21ms (Views: 18.4ms | Allocations: 4956)


Started GET "/every_pays" for ::1 at 2021-11-26 19:34:16 +0530
Processing by EveryPaysController#index as HTML
  Rendering layout layouts/application.html.erb
  Rendering every_pays/index.html.erb within layouts/application
  Rendered every_pays/index.html.erb within layouts/application (Duration: 0.2ms | Allocations: 51)
[Webpacker] Everything's up-to-date. Nothing to do
  Rendered layout layouts/application.html.erb (Duration: 6.0ms | Allocations: 2952)
Completed 200 OK in 8ms (Views: 6.8ms | Allocations: 3443)


Started GET "/every_pays" for ::1 at 2021-11-26 19:35:15 +0530
Processing by EveryPaysController#index as HTML
  Rendering layout layouts/application.html.erb
  Rendering every_pays/index.html.erb within layouts/application
  Rendered every_pays/index.html.erb within layouts/application (Duration: 1.7ms | Allocations: 273)
[Webpacker] Everything's up-to-date. Nothing to do
  Rendered layout layouts/application.html.erb (Duration: 17.2ms | Allocations: 3578)
Completed 200 OK in 24ms (Views: 21.8ms | Allocations: 4905)


Started GET "/every_pays" for ::1 at 2021-11-26 19:35:29 +0530
Processing by EveryPaysController#index as HTML
  Rendering layout layouts/application.html.erb
  Rendering every_pays/index.html.erb within layouts/application
  Rendered every_pays/index.html.erb within layouts/application (Duration: 1.5ms | Allocations: 273)
[Webpacker] Everything's up-to-date. Nothing to do
  Rendered layout layouts/application.html.erb (Duration: 23.1ms | Allocations: 3582)
Completed 200 OK in 30ms (Views: 27.8ms | Allocations: 4951)


Started GET "/every_pays" for ::1 at 2021-11-26 19:35:51 +0530
Processing by EveryPaysController#index as HTML
  Rendering layout layouts/application.html.erb
  Rendering every_pays/index.html.erb within layouts/application
  Rendered every_pays/index.html.erb within layouts/application (Duration: 0.4ms | Allocations: 51)
[Webpacker] Everything's up-to-date. Nothing to do
  Rendered layout layouts/application.html.erb (Duration: 17.0ms | Allocations: 2964)
Completed 200 OK in 21ms (Views: 19.4ms | Allocations: 3456)


Started GET "/every_pays" for ::1 at 2021-11-26 19:36:56 +0530
Processing by EveryPaysController#index as HTML
  Rendering layout layouts/application.html.erb
  Rendering every_pays/index.html.erb within layouts/application
  Rendered every_pays/index.html.erb within layouts/application (Duration: 0.6ms | Allocations: 274)
[Webpacker] Everything's up-to-date. Nothing to do
  Rendered layout layouts/application.html.erb (Duration: 4.0ms | Allocations: 3579)
Completed 200 OK in 6ms (Views: 5.2ms | Allocations: 4906)


Started GET "/every_pays" for ::1 at 2021-11-26 19:37:13 +0530
Processing by EveryPaysController#index as HTML
  Rendering layout layouts/application.html.erb
  Rendering every_pays/index.html.erb within layouts/application
  Rendered every_pays/index.html.erb within layouts/application (Duration: 0.5ms | Allocations: 270)
[Webpacker] Everything's up-to-date. Nothing to do
  Rendered layout layouts/application.html.erb (Duration: 3.8ms | Allocations: 3584)
Completed 200 OK in 6ms (Views: 4.8ms | Allocations: 4953)


Started GET "/every_pays" for ::1 at 2021-11-26 19:37:27 +0530
Processing by EveryPaysController#index as HTML
  Rendering layout layouts/application.html.erb
  Rendering every_pays/index.html.erb within layouts/application
  Rendered every_pays/index.html.erb within layouts/application (Duration: 0.7ms | Allocations: 270)
[Webpacker] Everything's up-to-date. Nothing to do
  Rendered layout layouts/application.html.erb (Duration: 4.5ms | Allocations: 3575)
Completed 200 OK in 6ms (Views: 5.6ms | Allocations: 4944)


Started GET "/every_pays" for ::1 at 2021-11-26 19:38:21 +0530
Processing by EveryPaysController#index as HTML
  Rendering layout layouts/application.html.erb
  Rendering every_pays/index.html.erb within layouts/application
  Rendered every_pays/index.html.erb within layouts/application (Duration: 0.6ms | Allocations: 271)
[Webpacker] Everything's up-to-date. Nothing to do
  Rendered layout layouts/application.html.erb (Duration: 6.8ms | Allocations: 3576)
Completed 200 OK in 9ms (Views: 8.2ms | Allocations: 4950)


Started GET "/every_pays" for ::1 at 2021-11-26 19:39:07 +0530
Processing by EveryPaysController#index as HTML
  Rendering layout layouts/application.html.erb
  Rendering every_pays/index.html.erb within layouts/application
  Rendered every_pays/index.html.erb within layouts/application (Duration: 1.4ms | Allocations: 275)
[Webpacker] Everything's up-to-date. Nothing to do
  Rendered layout layouts/application.html.erb (Duration: 13.2ms | Allocations: 3592)
Completed 200 OK in 21ms (Views: 18.2ms | Allocations: 4967)


Started GET "/every_pays" for ::1 at 2021-11-26 19:43:45 +0530
Processing by EveryPaysController#index as HTML
  Rendering layout layouts/application.html.erb
  Rendering every_pays/index.html.erb within layouts/application
  Rendered every_pays/index.html.erb within layouts/application (Duration: 0.5ms | Allocations: 278)
[Webpacker] Everything's up-to-date. Nothing to do
  Rendered layout layouts/application.html.erb (Duration: 5.0ms | Allocations: 3575)
Completed 200 OK in 8ms (Views: 6.8ms | Allocations: 5104)


Started GET "/every_pays" for ::1 at 2021-11-26 19:43:58 +0530
Processing by EveryPaysController#index as HTML
  Rendering layout layouts/application.html.erb
  Rendering every_pays/index.html.erb within layouts/application
  Rendered every_pays/index.html.erb within layouts/application (Duration: 2.4ms | Allocations: 277)
[Webpacker] Everything's up-to-date. Nothing to do
  Rendered layout layouts/application.html.erb (Duration: 14.5ms | Allocations: 3582)
Completed 200 OK in 23ms (Views: 18.9ms | Allocations: 4950)


Started GET "/every_pays" for ::1 at 2021-11-26 19:45:54 +0530
Processing by EveryPaysController#index as HTML
  Rendering layout layouts/application.html.erb
  Rendering every_pays/index.html.erb within layouts/application
  Rendered every_pays/index.html.erb within layouts/application (Duration: 0.1ms | Allocations: 81)
[Webpacker] Everything's up-to-date. Nothing to do
  Rendered layout layouts/application.html.erb (Duration: 3.3ms | Allocations: 3206)
Completed 200 OK in 5ms (Views: 3.9ms | Allocations: 4046)


Started POST "/every_pay/payment" for ::1 at 2021-11-26 19:46:05 +0530
  
ActionController::RoutingError (uninitialized constant ResourcesController):
  
Started POST "/every_pay/payment" for ::1 at 2021-11-26 19:47:36 +0530
Processing by EveryPaysController#payment as HTML
  Parameters: {"email_address"=>"aryan-dev-v@gamail.com", "first_name"=>"bablu", "last_name"=>"kumar", "address"=>"hallo majra chandigarh", "city"=>"chandigarh", "state"=>"CHD", "country"=>"Canada", "zip_code"=>"160002"}
Can't verify CSRF token authenticity.
Completed 422 Unprocessable Entity in 1ms (Allocations: 605)


  
ActionController::InvalidAuthenticityToken (ActionController::InvalidAuthenticityToken):
  
actionpack (6.1.4.1) lib/action_controller/metal/request_forgery_protection.rb:211:in `handle_unverified_request'
actionpack (6.1.4.1) lib/action_controller/metal/request_forgery_protection.rb:243:in `handle_unverified_request'
actionpack (6.1.4.1) lib/action_controller/metal/request_forgery_protection.rb:238:in `verify_authenticity_token'
activesupport (6.1.4.1) lib/active_support/callbacks.rb:427:in `block in make_lambda'
activesupport (6.1.4.1) lib/active_support/callbacks.rb:198:in `block (2 levels) in halting'
actionpack (6.1.4.1) lib/abstract_controller/callbacks.rb:34:in `block (2 levels) in <module:Callbacks>'
activesupport (6.1.4.1) lib/active_support/callbacks.rb:199:in `block in halting'
activesupport (6.1.4.1) lib/active_support/callbacks.rb:512:in `block in invoke_before'
activesupport (6.1.4.1) lib/active_support/callbacks.rb:512:in `each'
activesupport (6.1.4.1) lib/active_support/callbacks.rb:512:in `invoke_before'
activesupport (6.1.4.1) lib/active_support/callbacks.rb:115:in `block in run_callbacks'
activesupport (6.1.4.1) lib/active_support/callbacks.rb:137:in `run_callbacks'
actionpack (6.1.4.1) lib/abstract_controller/callbacks.rb:41:in `process_action'
actionpack (6.1.4.1) lib/action_controller/metal/rescue.rb:22:in `process_action'
actionpack (6.1.4.1) lib/action_controller/metal/instrumentation.rb:34:in `block in process_action'
activesupport (6.1.4.1) lib/active_support/notifications.rb:203:in `block in instrument'
activesupport (6.1.4.1) lib/active_support/notifications/instrumenter.rb:24:in `instrument'
activesupport (6.1.4.1) lib/active_support/notifications.rb:203:in `instrument'
actionpack (6.1.4.1) lib/action_controller/metal/instrumentation.rb:33:in `process_action'
actionpack (6.1.4.1) lib/action_controller/metal/params_wrapper.rb:249:in `process_action'
activerecord (6.1.4.1) lib/active_record/railties/controller_runtime.rb:27:in `process_action'
actionpack (6.1.4.1) lib/abstract_controller/base.rb:165:in `process'
actionview (6.1.4.1) lib/action_view/rendering.rb:39:in `process'
actionpack (6.1.4.1) lib/action_controller/metal.rb:190:in `dispatch'
actionpack (6.1.4.1) lib/action_controller/metal.rb:254:in `dispatch'
actionpack (6.1.4.1) lib/action_dispatch/routing/route_set.rb:50:in `dispatch'
actionpack (6.1.4.1) lib/action_dispatch/routing/route_set.rb:33:in `serve'
actionpack (6.1.4.1) lib/action_dispatch/journey/router.rb:50:in `block in serve'
actionpack (6.1.4.1) lib/action_dispatch/journey/router.rb:32:in `each'
actionpack (6.1.4.1) lib/action_dispatch/journey/router.rb:32:in `serve'
actionpack (6.1.4.1) lib/action_dispatch/routing/route_set.rb:842:in `call'
rack (2.2.3) lib/rack/tempfile_reaper.rb:15:in `call'
rack (2.2.3) lib/rack/etag.rb:27:in `call'
rack (2.2.3) lib/rack/conditional_get.rb:40:in `call'
rack (2.2.3) lib/rack/head.rb:12:in `call'
actionpack (6.1.4.1) lib/action_dispatch/http/permissions_policy.rb:22:in `call'
actionpack (6.1.4.1) lib/action_dispatch/http/content_security_policy.rb:18:in `call'
rack (2.2.3) lib/rack/session/abstract/id.rb:266:in `context'
rack (2.2.3) lib/rack/session/abstract/id.rb:260:in `call'
actionpack (6.1.4.1) lib/action_dispatch/middleware/cookies.rb:689:in `call'
activerecord (6.1.4.1) lib/active_record/migration.rb:601:in `call'
actionpack (6.1.4.1) lib/action_dispatch/middleware/callbacks.rb:27:in `block in call'
activesupport (6.1.4.1) lib/active_support/callbacks.rb:98:in `run_callbacks'
actionpack (6.1.4.1) lib/action_dispatch/middleware/callbacks.rb:26:in `call'
actionpack (6.1.4.1) lib/action_dispatch/middleware/executor.rb:14:in `call'
actionpack (6.1.4.1) lib/action_dispatch/middleware/actionable_exceptions.rb:18:in `call'
actionpack (6.1.4.1) lib/action_dispatch/middleware/debug_exceptions.rb:29:in `call'
web-console (4.2.0) lib/web_console/middleware.rb:132:in `call_app'
web-console (4.2.0) lib/web_console/middleware.rb:28:in `block in call'
web-console (4.2.0) lib/web_console/middleware.rb:17:in `catch'
web-console (4.2.0) lib/web_console/middleware.rb:17:in `call'
actionpack (6.1.4.1) lib/action_dispatch/middleware/show_exceptions.rb:33:in `call'
railties (6.1.4.1) lib/rails/rack/logger.rb:37:in `call_app'
railties (6.1.4.1) lib/rails/rack/logger.rb:26:in `block in call'
activesupport (6.1.4.1) lib/active_support/tagged_logging.rb:99:in `block in tagged'
activesupport (6.1.4.1) lib/active_support/tagged_logging.rb:37:in `tagged'
activesupport (6.1.4.1) lib/active_support/tagged_logging.rb:99:in `tagged'
railties (6.1.4.1) lib/rails/rack/logger.rb:26:in `call'
sprockets-rails (3.4.1) lib/sprockets/rails/quiet_assets.rb:13:in `call'
actionpack (6.1.4.1) lib/action_dispatch/middleware/remote_ip.rb:81:in `call'
actionpack (6.1.4.1) lib/action_dispatch/middleware/request_id.rb:26:in `call'
rack (2.2.3) lib/rack/method_override.rb:24:in `call'
rack (2.2.3) lib/rack/runtime.rb:22:in `call'
activesupport (6.1.4.1) lib/active_support/cache/strategy/local_cache_middleware.rb:29:in `call'
actionpack (6.1.4.1) lib/action_dispatch/middleware/executor.rb:14:in `call'
actionpack (6.1.4.1) lib/action_dispatch/middleware/static.rb:24:in `call'
rack (2.2.3) lib/rack/sendfile.rb:110:in `call'
actionpack (6.1.4.1) lib/action_dispatch/middleware/host_authorization.rb:98:in `call'
rack-mini-profiler (2.3.3) lib/mini_profiler/profiler.rb:393:in `call'
webpacker (5.4.3) lib/webpacker/dev_server_proxy.rb:25:in `perform_request'
rack-proxy (0.7.0) lib/rack/proxy.rb:63:in `call'
railties (6.1.4.1) lib/rails/engine.rb:539:in `call'
puma (5.5.2) lib/puma/configuration.rb:249:in `call'
puma (5.5.2) lib/puma/request.rb:77:in `block in handle_request'
puma (5.5.2) lib/puma/thread_pool.rb:340:in `with_force_shutdown'
puma (5.5.2) lib/puma/request.rb:76:in `handle_request'
puma (5.5.2) lib/puma/server.rb:447:in `process_client'
puma (5.5.2) lib/puma/thread_pool.rb:147:in `block in spawn_thread'
Started POST "/every_pay/payment" for ::1 at 2021-11-26 19:49:08 +0530
Processing by EveryPaysController#payment as HTML
  Parameters: {"email_address"=>"aryan-dev-v@gamail.com", "first_name"=>"bablu", "last_name"=>"kumar", "address"=>"hallo majra chandigarh", "city"=>"chandigarh", "state"=>"CHD", "country"=>"Canada", "zip_code"=>"160002"}
Completed 500 Internal Server Error in 1ms (Allocations: 827)


  
SystemExit ({"email_address":"aryan-dev-v@gamail.com","first_name":"bablu","last_name":"kumar","address":"hallo majra chandigarh","city":"chandigarh","state":"CHD","country":"Canada","zip_code":"160002","controller":"every_pays","action":"payment"}):
  
app/controllers/every_pays_controller.rb:43:in `abort'
app/controllers/every_pays_controller.rb:43:in `payment'
Started GET "/every_pays" for ::1 at 2021-11-26 19:51:16 +0530
  
SyntaxError (/var/www/html/paymentGateway/every_pay-integrations/app/controllers/every_pays_controller.rb:59: syntax error, unexpected local variable or method, expecting ')'
billing_city: "chd"
^~~~~~~~~~~~
/var/www/html/paymentGateway/every_pay-integrations/app/controllers/every_pays_controller.rb:60: syntax error, unexpected ':', expecting `end'
billing_country: "IN"
               ^
/var/www/html/paymentGateway/every_pay-integrations/app/controllers/every_pays_controller.rb:62: syntax error, unexpected ')', expecting `end'):
  
app/controllers/every_pays_controller.rb:59: syntax error, unexpected local variable or method, expecting ')'
app/controllers/every_pays_controller.rb:60: syntax error, unexpected ':', expecting `end'
app/controllers/every_pays_controller.rb:62: syntax error, unexpected ')', expecting `end'
app/controllers/every_pays_controller.rb:59: syntax error, unexpected local variable or method, expecting ')'
app/controllers/every_pays_controller.rb:60: syntax error, unexpected ':', expecting `end'
app/controllers/every_pays_controller.rb:62: syntax error, unexpected ')', expecting `end'
app/controllers/every_pays_controller.rb:59: syntax error, unexpected local variable or method, expecting ')'
app/controllers/every_pays_controller.rb:60: syntax error, unexpected ':', expecting `end'
app/controllers/every_pays_controller.rb:62: syntax error, unexpected ')', expecting `end'
Started GET "/every_pays" for ::1 at 2021-11-26 19:51:18 +0530
  
SyntaxError (/var/www/html/paymentGateway/every_pay-integrations/app/controllers/every_pays_controller.rb:59: syntax error, unexpected local variable or method, expecting ')'
billing_city: "chd"
^~~~~~~~~~~~
/var/www/html/paymentGateway/every_pay-integrations/app/controllers/every_pays_controller.rb:60: syntax error, unexpected ':', expecting `end'
billing_country: "IN"
               ^
/var/www/html/paymentGateway/every_pay-integrations/app/controllers/every_pays_controller.rb:62: syntax error, unexpected ')', expecting `end'):
  
app/controllers/every_pays_controller.rb:59: syntax error, unexpected local variable or method, expecting ')'
app/controllers/every_pays_controller.rb:60: syntax error, unexpected ':', expecting `end'
app/controllers/every_pays_controller.rb:62: syntax error, unexpected ')', expecting `end'
app/controllers/every_pays_controller.rb:59: syntax error, unexpected local variable or method, expecting ')'
app/controllers/every_pays_controller.rb:60: syntax error, unexpected ':', expecting `end'
app/controllers/every_pays_controller.rb:62: syntax error, unexpected ')', expecting `end'
app/controllers/every_pays_controller.rb:59: syntax error, unexpected local variable or method, expecting ')'
app/controllers/every_pays_controller.rb:60: syntax error, unexpected ':', expecting `end'
app/controllers/every_pays_controller.rb:62: syntax error, unexpected ')', expecting `end'
Started GET "/every_pays" for ::1 at 2021-11-26 19:51:36 +0530
Processing by EveryPaysController#index as HTML
  Rendering layout layouts/application.html.erb
  Rendering every_pays/index.html.erb within layouts/application
  Rendered every_pays/index.html.erb within layouts/application (Duration: 0.1ms | Allocations: 81)
[Webpacker] Everything's up-to-date. Nothing to do
  Rendered layout layouts/application.html.erb (Duration: 3.2ms | Allocations: 3226)
Completed 200 OK in 4ms (Views: 3.8ms | Allocations: 4071)


Started POST "/every_pay/payment" for ::1 at 2021-11-26 19:52:19 +0530
Processing by EveryPaysController#payment as HTML
  Parameters: {"email_address"=>"aryan-dev-v@gamail.com", "first_name"=>"bablu", "last_name"=>"kumar", "address"=>"hallo majra chandigarh", "city"=>"chandigarh", "state"=>"CHD", "country"=>"Canada", "zip_code"=>"160002"}
Completed 500 Internal Server Error in 2ms (Allocations: 732)


  
SystemExit ({"email_address":"aryan-dev-v@gamail.com","first_name":"bablu","last_name":"kumar","address":"hallo majra chandigarh","city":"chandigarh","state":"CHD","country":"Canada","zip_code":"160002","controller":"every_pays","action":"payment"}):
  
app/controllers/every_pays_controller.rb:43:in `abort'
app/controllers/every_pays_controller.rb:43:in `payment'
Started GET "/every_pays" for ::1 at 2021-11-26 19:59:16 +0530
Processing by EveryPaysController#index as HTML
  Rendering layout layouts/application.html.erb
  Rendering every_pays/index.html.erb within layouts/application
  Rendered every_pays/index.html.erb within layouts/application (Duration: 1.1ms | Allocations: 277)
[Webpacker] Everything's up-to-date. Nothing to do
  Rendered layout layouts/application.html.erb (Duration: 4.7ms | Allocations: 3572)
Completed 200 OK in 7ms (Views: 5.7ms | Allocations: 5106)


Started GET "/every_pays" for ::1 at 2021-11-26 19:59:18 +0530
Processing by EveryPaysController#index as HTML
  Rendering layout layouts/application.html.erb
  Rendering every_pays/index.html.erb within layouts/application
  Rendered every_pays/index.html.erb within layouts/application (Duration: 0.3ms | Allocations: 51)
[Webpacker] Everything's up-to-date. Nothing to do
  Rendered layout layouts/application.html.erb (Duration: 13.7ms | Allocations: 2951)
Completed 200 OK in 16ms (Views: 15.0ms | Allocations: 3449)


Started POST "/every_pay/payment" for ::1 at 2021-11-26 19:59:32 +0530
Processing by EveryPaysController#payment as HTML
  Parameters: {"amount"=>"4200", "email_address"=>"aryan-dev-v@gamail.com", "first_name"=>"bablu", "last_name"=>"kumar", "address"=>"hallo majra chandigarh", "city"=>"chandigarh", "state"=>"CHD", "country"=>"Canada", "zip_code"=>"160002"}
Completed 500 Internal Server Error in 3ms (Allocations: 3102)


  
NameError (undefined local variable or method `amount' for #<EveryPaysController:0x00000000029bd0>):
  
app/controllers/every_pays_controller.rb:52:in `payment'
Started PUT "/__web_console/repl_sessions/39e35166920af4615b0012fdd12e240e" for ::1 at 2021-11-26 19:59:45 +0530
Started PUT "/__web_console/repl_sessions/39e35166920af4615b0012fdd12e240e" for ::1 at 2021-11-26 19:59:47 +0530
Started PUT "/__web_console/repl_sessions/39e35166920af4615b0012fdd12e240e" for ::1 at 2021-11-26 19:59:51 +0530
Started POST "/every_pay/payment" for ::1 at 2021-11-26 20:00:09 +0530
Processing by EveryPaysController#payment as HTML
  Parameters: {"amount"=>"4200", "email_address"=>"aryan-dev-v@gamail.com", "first_name"=>"bablu", "last_name"=>"kumar", "address"=>"hallo majra chandigarh", "city"=>"chandigarh", "state"=>"CHD", "country"=>"Canada", "zip_code"=>"160002"}
Completed 500 Internal Server Error in 4ms (Allocations: 3202)


  
NameError (undefined local variable or method `address' for #<EveryPaysController:0x0000000002b020>):
  
app/controllers/every_pays_controller.rb:53:in `payment'
Started POST "/every_pay/payment" for ::1 at 2021-11-26 20:00:29 +0530
Processing by EveryPaysController#payment as HTML
  Parameters: {"amount"=>"4200", "email_address"=>"aryan-dev-v@gamail.com", "first_name"=>"bablu", "last_name"=>"kumar", "address"=>"hallo majra chandigarh", "city"=>"chandigarh", "state"=>"CHD", "country"=>"Canada", "zip_code"=>"160002"}
Completed 500 Internal Server Error in 1ms (Allocations: 772)


  
ArgumentError (money amount must be a positive Integer in cents.):
  
app/controllers/every_pays_controller.rb:52:in `payment'
Started POST "/every_pay/payment" for ::1 at 2021-11-26 20:00:41 +0530
Processing by EveryPaysController#payment as HTML
  Parameters: {"amount"=>"4200", "email_address"=>"aryan-dev-v@gamail.com", "first_name"=>"bablu", "last_name"=>"kumar", "address"=>"hallo majra chandigarh", "city"=>"chandigarh", "state"=>"CHD", "country"=>"Canada", "zip_code"=>"160002"}
Completed 500 Internal Server Error in 3221ms (Allocations: 3888)


  
NoMethodError (undefined method `payment_link' for #<ActiveMerchant::Billing::EveryPayResponse:0x00007f7fe06c0388 @params={"account_name"=>"EUR3D1", "order_reference"=>"order #2", "email"=>"aryan-dev-v@gamail.com", "customer_ip"=>nil, "customer_url"=>"http://example.com/paid", "payment_created_at"=>"2021-11-26T14:30:43.323Z", "initial_amount"=>4200.0, "standing_amount"=>4200.0, "payment_reference"=>"92ecf9c8a34c07aae1b8128f4a277b9556621ec408eac031e58d9e8c5787748f", "payment_link"=>"https://igw-demo.every-pay.com/lp/3aptx9/oS4ToUpC", "payment_methods"=>[{"source"=>"card", "display_name"=>"VISA/MasterCard", "country_code"=>nil, "payment_link"=>"https://igw-demo.every-pay.com/lp/3aptx9/oS4ToUpC?method_source=card", "logo_url"=>"https://igw-demo.every-pay.com/assets/payment_methods/cards-9807ea71c428f0695fae455e78aec234fb6b9ef35bfb4b4f4722c205f0fed7ed.svg"}, {"source"=>"seb_ob_ee", "display_name"=>"AS SEB Pank", "country_code"=>"EE", "payment_link"=>"https://igw-demo.every-pay.com/lp/3aptx9/oS4ToUpC?method_source=seb_ob_ee", "logo_url"=>"https://igw-demo.every-pay.com/assets/payment_methods/seb-0d4c46990b1c01e424f3dcd921a3fdb1f27686dcc999452f5bc95d0b7e12664a.svg"}, {"source"=>"seb_ob_lt", "display_name"=>"AB SEB Bankas", "country_code"=>"LT", "payment_link"=>"https://igw-demo.every-pay.com/lp/3aptx9/oS4ToUpC?method_source=seb_ob_lt", "logo_url"=>"https://igw-demo.every-pay.com/assets/payment_methods/seb-0d4c46990b1c01e424f3dcd921a3fdb1f27686dcc999452f5bc95d0b7e12664a.svg"}, {"source"=>"seb_ob_lv", "display_name"=>"SEB Banka AS", "country_code"=>"LV", "payment_link"=>"https://igw-demo.every-pay.com/lp/3aptx9/oS4ToUpC?method_source=seb_ob_lv", "logo_url"=>"https://igw-demo.every-pay.com/assets/payment_methods/seb-0d4c46990b1c01e424f3dcd921a3fdb1f27686dcc999452f5bc95d0b7e12664a.svg"}, {"source"=>"swed_ob_ee", "display_name"=>"Swedbank AS", "country_code"=>"EE", "payment_link"=>"https://igw-demo.every-pay.com/lp/3aptx9/oS4ToUpC?method_source=swed_ob_ee", "logo_url"=>"https://igw-demo.every-pay.com/assets/payment_methods/swedbank-986d24a501d2ec2ac43a7b90daf2f766c731e5a759de813c8140fee87b804843.svg"}, {"source"=>"swed_ob_lt", "display_name"=>"Swedbank AB", "country_code"=>"LT", "payment_link"=>"https://igw-demo.every-pay.com/lp/3aptx9/oS4ToUpC?method_source=swed_ob_lt", "logo_url"=>"https://igw-demo.every-pay.com/assets/payment_methods/swedbank-986d24a501d2ec2ac43a7b90daf2f766c731e5a759de813c8140fee87b804843.svg"}, {"source"=>"swed_ob_lv", "display_name"=>"Swedbank AS", "country_code"=>"LV", "payment_link"=>"https://igw-demo.every-pay.com/lp/3aptx9/oS4ToUpC?method_source=swed_ob_lv", "logo_url"=>"https://igw-demo.every-pay.com/assets/payment_methods/swedbank-986d24a501d2ec2ac43a7b90daf2f766c731e5a759de813c8140fee87b804843.svg"}, {"source"=>"lhv_ob_ee", "display_name"=>"AS LHV Pank", "country_code"=>"EE", "payment_link"=>"https://igw-demo.every-pay.com/lp/3aptx9/oS4ToUpC?method_source=lhv_ob_ee", "logo_url"=>"https://igw-demo.every-pay.com/assets/payment_methods/lhv-999be249bbe15a2e549a80d44a1df27b298b598a9d242365313fad77deb13a84.svg"}, {"source"=>"luminor_fb_dnb_ob_lt", "display_name"=>"Luminor Bank AS", "country_code"=>"LT", "payment_link"=>"https://igw-demo.every-pay.com/lp/3aptx9/oS4ToUpC?method_source=luminor_fb_dnb_ob_lt", "logo_url"=>"https://igw-demo.every-pay.com/assets/payment_methods/luminor-0289d73a37e430a56aaaea8040c840fd89d2f1b22489fee0a29e7dda25879f4b.svg"}, {"source"=>"luminor_fb_dnb_ob_lv", "display_name"=>"Luminor Bank AS", "country_code"=>"LV", "payment_link"=>"https://igw-demo.every-pay.com/lp/3aptx9/oS4ToUpC?method_source=luminor_fb_dnb_ob_lv", "logo_url"=>"https://igw-demo.every-pay.com/assets/payment_methods/luminor-0289d73a37e430a56aaaea8040c840fd89d2f1b22489fee0a29e7dda25879f4b.svg"}, {"source"=>"luminor_fb_nordea_ob_ee", "display_name"=>"Luminor Bank AS", "country_code"=>"EE", "payment_link"=>"https://igw-demo.every-pay.com/lp/3aptx9/oS4ToUpC?method_source=luminor_fb_nordea_ob_ee", "logo_url"=>"https://igw-demo.every-pay.com/assets/payment_methods/luminor-0289d73a37e430a56aaaea8040c840fd89d2f1b22489fee0a29e7dda25879f4b.svg"}, {"source"=>"citadele_ob_ee", "display_name"=>"Citadele Banka", "country_code"=>"EE", "payment_link"=>"https://igw-demo.every-pay.com/lp/3aptx9/oS4ToUpC?method_source=citadele_ob_ee", "logo_url"=>"https://igw-demo.every-pay.com/assets/payment_methods/citadele-1b81cd63732949874f46f0bfd4c55609a36e32f670ca6f1d2518dc4801ea3d7f.svg"}, {"source"=>"citadele_ob_lt", "display_name"=>"Citadele Banka", "country_code"=>"LT", "payment_link"=>"https://igw-demo.every-pay.com/lp/3aptx9/oS4ToUpC?method_source=citadele_ob_lt", "logo_url"=>"https://igw-demo.every-pay.com/assets/payment_methods/citadele-1b81cd63732949874f46f0bfd4c55609a36e32f670ca6f1d2518dc4801ea3d7f.svg"}, {"source"=>"citadele_ob_lv", "display_name"=>"Citadele Banka", "country_code"=>"LV", "payment_link"=>"https://igw-demo.every-pay.com/lp/3aptx9/oS4ToUpC?method_source=citadele_ob_lv", "logo_url"=>"https://igw-demo.every-pay.com/assets/payment_methods/citadele-1b81cd63732949874f46f0bfd4c55609a36e32f670ca6f1d2518dc4801ea3d7f.svg"}, {"source"=>"coop_ob_ee", "display_name"=>"COOP EE", "country_code"=>"EE", "payment_link"=>"https://igw-demo.every-pay.com/lp/3aptx9/oS4ToUpC?method_source=coop_ob_ee", "logo_url"=>"https://igw-demo.every-pay.com/assets/payment_methods/coop-f1c55f2bdfc32f2689e98a0877d543a378b4e61a94b16bc26ed9d98495673ca2.svg"}], "api_username"=>"22a8a6b1324144b0", "warnings"=>{}, "stan"=>nil, "fraud_score"=>nil, "payment_state"=>"initial", "payment_method"=>nil, "error"=>{"message"=>"Unsuccessful response for :payment_reference API call"}}, @message="Unsuccessful response for :payment_reference API call", @success=false, @test=false, @authorization="https://igw-demo.every-pay.com/lp/3aptx9/oS4ToUpC", @fraud_review=nil, @error_code=nil, @emv_authorization=nil, @network_transaction_id=nil, @avs_result={"code"=>nil, "message"=>nil, "street_match"=>nil, "postal_match"=>nil}, @cvv_result={"code"=>nil, "message"=>nil}>
Did you mean?  payment_state):
  
app/controllers/every_pays_controller.rb:66:in `payment'
Started PUT "/__web_console/repl_sessions/7143b7f2b6b207d907a3a2b2a281429b" for ::1 at 2021-11-26 20:00:52 +0530
Started PUT "/__web_console/repl_sessions/7143b7f2b6b207d907a3a2b2a281429b" for ::1 at 2021-11-26 20:00:53 +0530
Started PUT "/__web_console/repl_sessions/7143b7f2b6b207d907a3a2b2a281429b" for ::1 at 2021-11-26 20:01:04 +0530
Started PUT "/__web_console/repl_sessions/7143b7f2b6b207d907a3a2b2a281429b" for ::1 at 2021-11-26 20:01:05 +0530
Started PUT "/__web_console/repl_sessions/7143b7f2b6b207d907a3a2b2a281429b" for ::1 at 2021-11-26 20:01:13 +0530
Started PUT "/__web_console/repl_sessions/7143b7f2b6b207d907a3a2b2a281429b" for ::1 at 2021-11-26 20:01:17 +0530
Started PUT "/__web_console/repl_sessions/7143b7f2b6b207d907a3a2b2a281429b" for ::1 at 2021-11-26 20:01:20 +0530
Started PUT "/__web_console/repl_sessions/7143b7f2b6b207d907a3a2b2a281429b" for ::1 at 2021-11-26 20:01:27 +0530
Started PUT "/__web_console/repl_sessions/7143b7f2b6b207d907a3a2b2a281429b" for ::1 at 2021-11-26 20:02:03 +0530
Started PUT "/__web_console/repl_sessions/7143b7f2b6b207d907a3a2b2a281429b" for ::1 at 2021-11-26 20:02:05 +0530
Started PUT "/__web_console/repl_sessions/7143b7f2b6b207d907a3a2b2a281429b" for ::1 at 2021-11-26 20:02:17 +0530
Started PUT "/__web_console/repl_sessions/7143b7f2b6b207d907a3a2b2a281429b" for ::1 at 2021-11-26 20:02:29 +0530
Started PUT "/__web_console/repl_sessions/7143b7f2b6b207d907a3a2b2a281429b" for ::1 at 2021-11-26 20:02:30 +0530
Started PUT "/__web_console/repl_sessions/7143b7f2b6b207d907a3a2b2a281429b" for ::1 at 2021-11-26 20:02:34 +0530
Started PUT "/__web_console/repl_sessions/7143b7f2b6b207d907a3a2b2a281429b" for ::1 at 2021-11-26 20:03:55 +0530
Started PUT "/__web_console/repl_sessions/7143b7f2b6b207d907a3a2b2a281429b" for ::1 at 2021-11-26 20:04:01 +0530
Started PUT "/__web_console/repl_sessions/7143b7f2b6b207d907a3a2b2a281429b" for ::1 at 2021-11-26 20:04:36 +0530
Started PUT "/__web_console/repl_sessions/7143b7f2b6b207d907a3a2b2a281429b" for ::1 at 2021-11-26 20:04:49 +0530
Started PUT "/__web_console/repl_sessions/7143b7f2b6b207d907a3a2b2a281429b" for ::1 at 2021-11-26 20:04:53 +0530
Started PUT "/__web_console/repl_sessions/7143b7f2b6b207d907a3a2b2a281429b" for ::1 at 2021-11-26 20:04:58 +0530
Started PUT "/__web_console/repl_sessions/7143b7f2b6b207d907a3a2b2a281429b" for ::1 at 2021-11-26 20:04:59 +0530
Started PUT "/__web_console/repl_sessions/7143b7f2b6b207d907a3a2b2a281429b" for ::1 at 2021-11-26 20:05:07 +0530
Started PUT "/__web_console/repl_sessions/7143b7f2b6b207d907a3a2b2a281429b" for ::1 at 2021-11-26 20:05:13 +0530
Started PUT "/__web_console/repl_sessions/7143b7f2b6b207d907a3a2b2a281429b" for ::1 at 2021-11-26 20:05:44 +0530
Started PUT "/__web_console/repl_sessions/7143b7f2b6b207d907a3a2b2a281429b" for ::1 at 2021-11-26 20:05:47 +0530
Started PUT "/__web_console/repl_sessions/7143b7f2b6b207d907a3a2b2a281429b" for ::1 at 2021-11-26 20:06:02 +0530
Started PUT "/__web_console/repl_sessions/7143b7f2b6b207d907a3a2b2a281429b" for ::1 at 2021-11-26 20:06:04 +0530
Started GET "/every_pays" for ::1 at 2021-11-26 20:06:40 +0530
Processing by EveryPaysController#index as HTML
  Rendering layout layouts/application.html.erb
  Rendering every_pays/index.html.erb within layouts/application
  Rendered every_pays/index.html.erb within layouts/application (Duration: 0.1ms | Allocations: 81)
[Webpacker] Everything's up-to-date. Nothing to do
  Rendered layout layouts/application.html.erb (Duration: 4.2ms | Allocations: 3205)
Completed 200 OK in 6ms (Views: 4.9ms | Allocations: 4050)


Started POST "/every_pay/payment" for ::1 at 2021-11-26 20:06:46 +0530
Processing by EveryPaysController#payment as HTML
  Parameters: {"amount"=>"4200", "email_address"=>"aryan-dev-v@gamail.com", "first_name"=>"bablu", "last_name"=>"kumar", "address"=>"hallo majra chandigarh", "city"=>"chandigarh", "state"=>"CHD", "country"=>"Canada", "zip_code"=>"160002"}
Redirected to https://igw-demo.every-pay.com/lp/634u7r/scUguHO6
Completed 302 Found in 5640ms (Allocations: 2700)


Started GET "/every_pays" for ::1 at 2021-11-29 11:12:23 +0530
Processing by EveryPaysController#index as HTML
  Rendering layout layouts/application.html.erb
  Rendering every_pays/index.html.erb within layouts/application
  Rendered every_pays/index.html.erb within layouts/application (Duration: 0.1ms | Allocations: 81)
[Webpacker] Everything's up-to-date. Nothing to do
  Rendered layout layouts/application.html.erb (Duration: 3.1ms | Allocations: 3205)
Completed 200 OK in 5ms (Views: 3.8ms | Allocations: 4606)


Started GET "/every_pays" for ::1 at 2021-11-29 11:12:25 +0530
Processing by EveryPaysController#index as HTML
  Rendering layout layouts/application.html.erb
  Rendering every_pays/index.html.erb within layouts/application
  Rendered every_pays/index.html.erb within layouts/application (Duration: 0.2ms | Allocations: 51)
[Webpacker] Everything's up-to-date. Nothing to do
  Rendered layout layouts/application.html.erb (Duration: 3.3ms | Allocations: 2951)
Completed 200 OK in 4ms (Views: 3.7ms | Allocations: 3467)


Started POST "/every_pay/payment" for ::1 at 2021-11-29 11:12:53 +0530
Processing by EveryPaysController#payment as HTML
  Parameters: {"amount"=>"1200", "email_address"=>"bablu@gamail.com", "first_name"=>"bablu", "last_name"=>"kumar", "address"=>"hallo majra chandigarh", "city"=>"chandigarh", "state"=>"CHD", "country"=>"IN", "zip_code"=>"160002"}
Completed 500 Internal Server Error in 1217ms (Allocations: 1720)


  
TypeError (no implicit conversion of nil into String):
  
app/controllers/every_pays_controller.rb:41:in `payment'
Started PUT "/__web_console/repl_sessions/a8a8c5a811189f54a8bdca59565b9811" for ::1 at 2021-11-29 11:13:10 +0530
Started PUT "/__web_console/repl_sessions/a8a8c5a811189f54a8bdca59565b9811" for ::1 at 2021-11-29 11:13:12 +0530
  [1m[35m (0.3ms)[0m  [1m[34mSELECT sqlite_version(*)[0m
  [1m[35m (0.1ms)[0m  [1m[34mSELECT "schema_migrations"."version" FROM "schema_migrations" ORDER BY "schema_migrations"."version" ASC[0m
Migrating to ChangeColumnName (20211129062615)
  [1m[36mTRANSACTION (0.0ms)[0m  [1m[36mbegin transaction[0m
  [1m[36mActiveRecord::SchemaMigration Create (0.2ms)[0m  [1m[32mINSERT INTO "schema_migrations" ("version") VALUES (?)[0m  [["version", "20211129062615"]]
  [1m[36mTRANSACTION (3.1ms)[0m  [1m[36mcommit transaction[0m
  [1m[36mActiveRecord::InternalMetadata Load (0.1ms)[0m  [1m[34mSELECT "ar_internal_metadata".* FROM "ar_internal_metadata" WHERE "ar_internal_metadata"."key" = ? LIMIT ?[0m  [["key", "environment"], ["LIMIT", 1]]
  [1m[35m (0.1ms)[0m  [1m[34mSELECT sqlite_version(*)[0m
  [1m[35m (0.1ms)[0m  [1m[34mSELECT "schema_migrations"."version" FROM "schema_migrations" ORDER BY "schema_migrations"."version" ASC[0m
Started GET "/every_pays" for ::1 at 2021-11-29 12:10:40 +0530
  [1m[35m (0.1ms)[0m  [1m[34mSELECT sqlite_version(*)[0m
  [1m[35m (0.1ms)[0m  [1m[34mSELECT "schema_migrations"."version" FROM "schema_migrations" ORDER BY "schema_migrations"."version" ASC[0m
Processing by EveryPaysController#index as HTML
  Rendering layout layouts/application.html.erb
  Rendering every_pays/index.html.erb within layouts/application
  Rendered every_pays/index.html.erb within layouts/application (Duration: 0.1ms | Allocations: 81)
[Webpacker] Everything's up-to-date. Nothing to do
  Rendered layout layouts/application.html.erb (Duration: 8.7ms | Allocations: 3205)
Completed 200 OK in 11ms (Views: 9.5ms | ActiveRecord: 0.0ms | Allocations: 4614)


Started GET "/every_pays" for ::1 at 2021-11-29 12:10:41 +0530
Processing by EveryPaysController#index as HTML
  Rendering layout layouts/application.html.erb
  Rendering every_pays/index.html.erb within layouts/application
  Rendered every_pays/index.html.erb within layouts/application (Duration: 0.4ms | Allocations: 51)
[Webpacker] Everything's up-to-date. Nothing to do
  Rendered layout layouts/application.html.erb (Duration: 10.2ms | Allocations: 2960)
Completed 200 OK in 13ms (Views: 11.5ms | ActiveRecord: 0.0ms | Allocations: 3480)


Started POST "/every_pay/payment" for ::1 at 2021-11-29 12:11:00 +0530
Processing by EveryPaysController#payment as HTML
  Parameters: {"amount"=>"1200", "email_address"=>"bablu@gamail.com", "first_name"=>"bablu", "last_name"=>"kumar", "address"=>"hallo majra chandigarh", "city"=>"chandigarh", "state"=>"CHD", "country"=>"IN", "zip_code"=>"160002"}
Completed 500 Internal Server Error in 5ms (ActiveRecord: 0.0ms | Allocations: 3104)


  
NameError (undefined local variable or method `gateway' for #<EveryPaysController:0x000000000310d8>
Did you mean?  @@gateway):
  
app/controllers/every_pays_controller.rb:30:in `payment'
Started POST "/every_pay/payment" for ::1 at 2021-11-29 12:11:55 +0530
Processing by EveryPaysController#payment as HTML
  Parameters: {"amount"=>"1200", "email_address"=>"bablu@gamail.com", "first_name"=>"bablu", "last_name"=>"kumar", "address"=>"hallo majra chandigarh", "city"=>"chandigarh", "state"=>"CHD", "country"=>"IN", "zip_code"=>"160002"}
Redirected to https://igw-demo.every-pay.com/lp/gdg2ri/3FCKBniS
Completed 302 Found in 3078ms (Allocations: 2994)


Started GET "/every_pays" for ::1 at 2021-11-29 12:12:24 +0530
Processing by EveryPaysController#index as HTML
  Rendering layout layouts/application.html.erb
  Rendering every_pays/index.html.erb within layouts/application
  Rendered every_pays/index.html.erb within layouts/application (Duration: 0.2ms | Allocations: 81)
[Webpacker] Everything's up-to-date. Nothing to do
  Rendered layout layouts/application.html.erb (Duration: 5.6ms | Allocations: 3226)
Completed 200 OK in 10ms (Views: 6.5ms | Allocations: 4502)


Started POST "/every_pay/payment" for ::1 at 2021-11-29 12:12:30 +0530
Processing by EveryPaysController#payment as HTML
  Parameters: {"amount"=>"12", "email_address"=>"bablu@gamail.com", "first_name"=>"bablu", "last_name"=>"kumar", "address"=>"hallo majra chandigarh", "city"=>"chandigarh", "state"=>"CHD", "country"=>"IN", "zip_code"=>"160002"}
Redirected to https://igw-demo.every-pay.com/lp/vn53i6/ArTVXgJg
Completed 302 Found in 4078ms (Allocations: 2644)


Started GET "/every_pays" for ::1 at 2021-11-29 12:28:56 +0530
Processing by EveryPaysController#index as HTML
  Rendering layout layouts/application.html.erb
  Rendering every_pays/index.html.erb within layouts/application
  Rendered every_pays/index.html.erb within layouts/application (Duration: 0.4ms | Allocations: 81)
[Webpacker] Everything's up-to-date. Nothing to do
  Rendered layout layouts/application.html.erb (Duration: 5.9ms | Allocations: 3205)
Completed 200 OK in 10ms (Views: 7.6ms | Allocations: 4604)


Started GET "/every_pays" for ::1 at 2021-11-29 12:28:59 +0530
Processing by EveryPaysController#index as HTML
  Rendering layout layouts/application.html.erb
  Rendering every_pays/index.html.erb within layouts/application
  Rendered every_pays/index.html.erb within layouts/application (Duration: 0.1ms | Allocations: 51)
[Webpacker] Everything's up-to-date. Nothing to do
  Rendered layout layouts/application.html.erb (Duration: 3.5ms | Allocations: 2951)
Completed 200 OK in 5ms (Views: 4.1ms | Allocations: 3467)


Started POST "/every_pay/payment" for ::1 at 2021-11-29 12:33:32 +0530
Processing by EveryPaysController#payment as HTML
  Parameters: {"amount"=>"10", "email_address"=>"bablu@gamail.com", "first_name"=>"bablu", "last_name"=>"kumar", "address"=>"hallo majra chandigarh", "city"=>"chandigarh", "state"=>"CHD", "country"=>"India", "zip_code"=>"160002"}
Redirected to https://igw-demo.every-pay.com/lp/bvwqaw/6derWIbV
Completed 302 Found in 2789ms (Allocations: 2617)


Started GET "/every_pays" for ::1 at 2021-11-29 12:36:44 +0530
Processing by EveryPaysController#index as HTML
  [1m[35m (0.0ms)[0m  [1m[34mSELECT sqlite_version(*)[0m
  ↳ app/controllers/every_pays_controller.rb:9:in `index'
Completed 500 Internal Server Error in 9ms (ActiveRecord: 0.7ms | Allocations: 5856)


  
ActiveModel::UnknownAttributeError (unknown attribute 'payment_reference' for EveryPay.):
  
app/controllers/every_pays_controller.rb:9:in `index'
Started GET "/every_pays" for ::1 at 2021-11-29 12:36:52 +0530
Processing by EveryPaysController#index as HTML
Completed 500 Internal Server Error in 13ms (ActiveRecord: 0.0ms | Allocations: 705)


  
ActiveModel::UnknownAttributeError (unknown attribute 'payment_reference' for EveryPay.):
  
app/controllers/every_pays_controller.rb:9:in `index'
Started GET "/every_pays" for ::1 at 2021-11-29 12:37:01 +0530
  [1m[35m (0.6ms)[0m  [1m[34mSELECT sqlite_version(*)[0m
  [1m[35m (0.1ms)[0m  [1m[34mSELECT "schema_migrations"."version" FROM "schema_migrations" ORDER BY "schema_migrations"."version" ASC[0m
Processing by EveryPaysController#index as HTML
Completed 500 Internal Server Error in 8ms (ActiveRecord: 0.3ms | Allocations: 6281)


  
ActiveModel::UnknownAttributeError (unknown attribute 'payment_reference' for EveryPay.):
  
app/controllers/every_pays_controller.rb:9:in `index'
  [1m[35m (0.4ms)[0m  [1m[34mSELECT sqlite_version(*)[0m
  [1m[35m (0.1ms)[0m  [1m[34mSELECT "schema_migrations"."version" FROM "schema_migrations" ORDER BY "schema_migrations"."version" ASC[0m
  [1m[36mActiveRecord::InternalMetadata Load (0.1ms)[0m  [1m[34mSELECT "ar_internal_metadata".* FROM "ar_internal_metadata" WHERE "ar_internal_metadata"."key" = ? LIMIT ?[0m  [["key", "environment"], ["LIMIT", 1]]
  [1m[35m (0.0ms)[0m  [1m[34mSELECT sqlite_version(*)[0m
  [1m[35m (0.1ms)[0m  [1m[34mSELECT "schema_migrations"."version" FROM "schema_migrations" ORDER BY "schema_migrations"."version" ASC[0m
  [1m[35m (0.4ms)[0m  [1m[34mSELECT sqlite_version(*)[0m
  [1m[35m (0.1ms)[0m  [1m[34mSELECT "schema_migrations"."version" FROM "schema_migrations" ORDER BY "schema_migrations"."version" ASC[0m
Migrating to ChangeColumnNameToTable (20211129062671)
  [1m[35m (0.3ms)[0m  [1m[34mSELECT sqlite_version(*)[0m
  [1m[35m (0.1ms)[0m  [1m[34mSELECT "schema_migrations"."version" FROM "schema_migrations" ORDER BY "schema_migrations"."version" ASC[0m
Migrating to ChangeColumnNameToTable (20211129062671)
  [1m[36mTRANSACTION (0.0ms)[0m  [1m[36mbegin transaction[0m
  [1m[35m (0.0ms)[0m  [1m[35mPRAGMA foreign_keys[0m
  [1m[35m (0.0ms)[0m  [1m[35mPRAGMA defer_foreign_keys[0m
  [1m[35m (0.0ms)[0m  [1m[35mPRAGMA defer_foreign_keys = ON[0m
  [1m[35m (0.0ms)[0m  [1m[35mPRAGMA foreign_keys = OFF[0m
  [1m[35m (0.2ms)[0m  [1m[35mCREATE TEMPORARY TABLE "aevery_pays" ("id" integer NOT NULL PRIMARY KEY, "status" varchar DEFAULT NULL, "amount" varchar DEFAULT NULL, "payment_reference" varchar DEFAULT NULL, "created_at" datetime(6) NOT NULL, "updated_at" datetime(6) NOT NULL)[0m
  [1m[35m (0.1ms)[0m  [1m[32mINSERT INTO "aevery_pays" ("id","status","amount","payment_reference","created_at","updated_at")
                     SELECT "id","status","amount","response","created_at","updated_at" FROM "every_pays"[0m
  [1m[35m (0.2ms)[0m  [1m[35mDROP TABLE "every_pays"[0m
  [1m[35m (0.1ms)[0m  [1m[35mCREATE TABLE "every_pays" ("id" integer NOT NULL PRIMARY KEY, "status" varchar DEFAULT NULL, "amount" varchar DEFAULT NULL, "payment_reference" varchar DEFAULT NULL, "created_at" datetime(6) NOT NULL, "updated_at" datetime(6) NOT NULL)[0m
  [1m[35m (0.0ms)[0m  [1m[32mINSERT INTO "every_pays" ("id","status","amount","payment_reference","created_at","updated_at")
                     SELECT "id","status","amount","payment_reference","created_at","updated_at" FROM "aevery_pays"[0m
  [1m[35m (0.1ms)[0m  [1m[35mDROP TABLE "aevery_pays"[0m
  [1m[35m (0.0ms)[0m  [1m[35mPRAGMA defer_foreign_keys = 0[0m
  [1m[35m (0.0ms)[0m  [1m[35mPRAGMA foreign_keys = 1[0m
  [1m[36mActiveRecord::SchemaMigration Create (0.1ms)[0m  [1m[32mINSERT INTO "schema_migrations" ("version") VALUES (?)[0m  [["version", "20211129062671"]]
  [1m[36mTRANSACTION (80.3ms)[0m  [1m[36mcommit transaction[0m
  [1m[36mActiveRecord::InternalMetadata Load (0.4ms)[0m  [1m[34mSELECT "ar_internal_metadata".* FROM "ar_internal_metadata" WHERE "ar_internal_metadata"."key" = ? LIMIT ?[0m  [["key", "environment"], ["LIMIT", 1]]
  [1m[35m (0.2ms)[0m  [1m[34mSELECT sqlite_version(*)[0m
  [1m[35m (0.3ms)[0m  [1m[34mSELECT "schema_migrations"."version" FROM "schema_migrations" ORDER BY "schema_migrations"."version" ASC[0m
Started GET "/every_pays" for ::1 at 2021-11-29 12:45:02 +0530
  [1m[35m (0.4ms)[0m  [1m[34mSELECT sqlite_version(*)[0m
  [1m[35m (0.1ms)[0m  [1m[34mSELECT "schema_migrations"."version" FROM "schema_migrations" ORDER BY "schema_migrations"."version" ASC[0m
Processing by EveryPaysController#index as HTML
  [1m[36mTRANSACTION (0.0ms)[0m  [1m[36mbegin transaction[0m
  ↳ app/controllers/every_pays_controller.rb:9:in `index'
  [1m[36mEveryPay Create (0.2ms)[0m  [1m[32mINSERT INTO "every_pays" ("status", "amount", "payment_reference", "created_at", "updated_at") VALUES (?, ?, ?, ?, ?)[0m  [["status", "success"], ["amount", "10"], ["payment_reference", "test21gfgf7df"], ["created_at", "2021-11-29 07:15:02.197098"], ["updated_at", "2021-11-29 07:15:02.197098"]]
  ↳ app/controllers/every_pays_controller.rb:9:in `index'
  [1m[36mTRANSACTION (1.9ms)[0m  [1m[36mcommit transaction[0m
  ↳ app/controllers/every_pays_controller.rb:9:in `index'
  Rendering layout layouts/application.html.erb
  Rendering every_pays/index.html.erb within layouts/application
  Rendered every_pays/index.html.erb within layouts/application (Duration: 0.7ms | Allocations: 519)
[Webpacker] Everything's up-to-date. Nothing to do
  Rendered layout layouts/application.html.erb (Duration: 7.4ms | Allocations: 6552)
Completed 200 OK in 27ms (Views: 9.4ms | ActiveRecord: 2.4ms | Allocations: 19469)


  [1m[35m (0.4ms)[0m  [1m[34mSELECT sqlite_version(*)[0m
  [1m[36mEveryPay Load (0.1ms)[0m  [1m[34mSELECT "every_pays".* FROM "every_pays"[0m
Started GET "/every_pays" for ::1 at 2021-11-29 13:04:15 +0530
Processing by EveryPaysController#index as HTML
  Rendering layout layouts/application.html.erb
  Rendering every_pays/index.html.erb within layouts/application
  Rendered every_pays/index.html.erb within layouts/application (Duration: 0.2ms | Allocations: 81)
[Webpacker] Everything's up-to-date. Nothing to do
  Rendered layout layouts/application.html.erb (Duration: 5.1ms | Allocations: 3207)
Completed 200 OK in 7ms (Views: 5.8ms | Allocations: 4619)


Started POST "/every_pay/payment" for ::1 at 2021-11-29 13:04:25 +0530
Processing by EveryPaysController#payment as HTML
  Parameters: {"amount"=>"11", "email_address"=>"bablu@gamail.com", "first_name"=>"bablu", "last_name"=>"kumar", "address"=>"hallo majra chandigarh", "city"=>"chandigarh", "state"=>"CHD", "country"=>"India", "zip_code"=>"160002"}
  [1m[35m (0.1ms)[0m  [1m[34mSELECT sqlite_version(*)[0m
  ↳ app/controllers/every_pays_controller.rb:90:in `set_every_pay'
Completed 404 Not Found in 4ms (ActiveRecord: 0.2ms | Allocations: 1824)


  
ActiveRecord::RecordNotFound (Couldn't find EveryPay without an ID):
  
app/controllers/every_pays_controller.rb:90:in `set_every_pay'
Started POST "/every_pay/payment" for ::1 at 2021-11-29 13:04:50 +0530
Processing by EveryPaysController#payment as HTML
  Parameters: {"amount"=>"11", "email_address"=>"bablu@gamail.com", "first_name"=>"bablu", "last_name"=>"kumar", "address"=>"hallo majra chandigarh", "city"=>"chandigarh", "state"=>"CHD", "country"=>"India", "zip_code"=>"160002"}
Completed 500 Internal Server Error in 1626ms (Allocations: 2492)


  
TypeError (no implicit conversion of nil into String):
  
app/controllers/every_pays_controller.rb:31:in `payment'
Started GET "/every_pays" for ::1 at 2021-11-29 13:04:55 +0530
Processing by EveryPaysController#index as HTML
  Rendering layout layouts/application.html.erb
  Rendering every_pays/index.html.erb within layouts/application
  Rendered every_pays/index.html.erb within layouts/application (Duration: 0.1ms | Allocations: 81)
[Webpacker] Everything's up-to-date. Nothing to do
  Rendered layout layouts/application.html.erb (Duration: 4.3ms | Allocations: 3228)
Completed 200 OK in 7ms (Views: 5.0ms | Allocations: 4518)


Started POST "/every_pay/payment" for ::1 at 2021-11-29 13:05:01 +0530
Processing by EveryPaysController#payment as HTML
  Parameters: {"amount"=>"11", "email_address"=>"bablu@gamail.com", "first_name"=>"bablu", "last_name"=>"kumar", "address"=>"hallo majra chandigarh", "city"=>"chandigarh", "state"=>"CHD", "country"=>"IN", "zip_code"=>"160002"}
Completed 500 Internal Server Error in 1254ms (Allocations: 1768)


  
TypeError (no implicit conversion of nil into String):
  
app/controllers/every_pays_controller.rb:31:in `payment'
